<?xml version="1.0" encoding="UTF-8"?>
<testng-results ignored="0" total="1" passed="1" failed="0" skipped="0">
  <reporter-output>
  </reporter-output>
  <suite started-at="2022-04-04T10:31:55Z" name="Default suite" finished-at="2022-04-04T10:32:25Z" duration-ms="29846">
    <groups>
    </groups>
    <test started-at="2022-04-04T10:31:55Z" name="Default test" finished-at="2022-04-04T10:32:25Z" duration-ms="29846">
      <class name="com.Testcase.Logintestcase">
        <test-method is-config="true" signature="startup()[pri:0, instance:com.Testcase.Logintestcase@67d32a54]" started-at="2022-04-04T10:31:55Z" name="startup" finished-at="2022-04-04T10:32:17Z" duration-ms="22421" status="PASS">
          <reporter-output>
          </reporter-output>
        </test-method> <!-- startup -->
        <test-method signature="login()[pri:0, instance:com.Testcase.Logintestcase@67d32a54]" started-at="2022-04-04T10:32:17Z" name="login" finished-at="2022-04-04T10:32:23Z" duration-ms="6006" status="PASS">
          <reporter-output>
          </reporter-output>
        </test-method> <!-- login -->
        <test-method is-config="true" signature="close()[pri:0, instance:com.Testcase.Logintestcase@67d32a54]" started-at="2022-04-04T10:32:24Z" name="close" finished-at="2022-04-04T10:32:25Z" duration-ms="696" status="PASS">
          <reporter-output>
          </reporter-output>
        </test-method> <!-- close -->
      </class> <!-- com.Testcase.Logintestcase -->
    </test> <!-- Default test -->
  </suite> <!-- Default suite -->
</testng-results>
